00:52:37 **** Incremental Build of configuration Debug for project Read_Distance ****
make all 
Building file: ../Read_Distance.c
Invoking: AVR Compiler
avr-gcc -Wall -g2 -gstabs -O0 -fpack-struct -fshort-enums -ffunction-sections -fdata-sections -std=gnu99 -funsigned-char -funsigned-bitfields -mmcu=atmega32 -DF_CPU=8000000UL -MMD -MP -MF"Read_Distance.d" -MT"Read_Distance.o" -c -o "Read_Distance.o" "../Read_Distance.c"
Finished building: ../Read_Distance.c
 
Building target: Read_Distance.elf
Invoking: AVR C Linker
avr-gcc -Wl,-Map,Read_Distance.map -mmcu=atmega32 -o "Read_Distance.elf"  ./Read_Distance.o ./gpio.o ./icu.o ./lcd.o ./ultrasonic.o   
Finished building target: Read_Distance.elf
 
Invoking: AVR Create Extended Listing
avr-objdump -h -S Read_Distance.elf  >"Read_Distance.lss"
Finished building: Read_Distance.lss
 
Invoking: Print Size
avr-size --format=avr --mcu=atmega32 Read_Distance.elf
AVR Memory Usage
----------------
Device: atmega32

Program:    9680 bytes (29.5% Full)
(.text + .data + .bootloader)

Data:        285 bytes (13.9% Full)
(.data + .bss + .noinit)


Finished building: sizedummy
 
17:37:37 **** Build of configuration Debug for project Read_Distance ****
make all 
Building file: ../Read_Distance.c
Invoking: AVR Compiler
avr-gcc -Wall -g2 -gstabs -O0 -fpack-struct -fshort-enums -ffunction-sections -fdata-sections -std=gnu99 -funsigned-char -funsigned-bitfields -mmcu=atmega32 -DF_CPU=8000000UL -MMD -MP -MF"Read_Distance.d" -MT"Read_Distance.o" -c -o "Read_Distance.o" "../Read_Distance.c"
Finished building: ../Read_Distance.c
 
Building file: ../gpio.c
Invoking: AVR Compiler
avr-gcc -Wall -g2 -gstabs -O0 -fpack-struct -fshort-enums -ffunction-sections -fdata-sections -std=gnu99 -funsigned-char -funsigned-bitfields -mmcu=atmega32 -DF_CPU=8000000UL -MMD -MP -MF"gpio.d" -MT"gpio.o" -c -o "gpio.o" "../gpio.c"
Finished building: ../gpio.c
 
Building file: ../icu.c
Invoking: AVR Compiler
avr-gcc -Wall -g2 -gstabs -O0 -fpack-struct -fshort-enums -ffunction-sections -fdata-sections -std=gnu99 -funsigned-char -funsigned-bitfields -mmcu=atmega32 -DF_CPU=8000000UL -MMD -MP -MF"icu.d" -MT"icu.o" -c -o "icu.o" "../icu.c"
../icu.c: In function 'Icu_setCallBack':
../icu.c:82: warning: function return types not compatible due to 'volatile'
Finished building: ../icu.c
 
Building file: ../lcd.c
Invoking: AVR Compiler
avr-gcc -Wall -g2 -gstabs -O0 -fpack-struct -fshort-enums -ffunction-sections -fdata-sections -std=gnu99 -funsigned-char -funsigned-bitfields -mmcu=atmega32 -DF_CPU=8000000UL -MMD -MP -MF"lcd.d" -MT"lcd.o" -c -o "lcd.o" "../lcd.c"
In file included from ../lcd.c:13:
c:/winavr-20100110/lib/gcc/../../avr/include/util/delay.h:90:3: warning: #warning "Compiler optimizations disabled; functions from <util/delay.h> won't work as designed"
Finished building: ../lcd.c
 
Building file: ../ultrasonic.c
Invoking: AVR Compiler
avr-gcc -Wall -g2 -gstabs -O0 -fpack-struct -fshort-enums -ffunction-sections -fdata-sections -std=gnu99 -funsigned-char -funsigned-bitfields -mmcu=atmega32 -DF_CPU=8000000UL -MMD -MP -MF"ultrasonic.d" -MT"ultrasonic.o" -c -o "ultrasonic.o" "../ultrasonic.c"
In file included from ../ultrasonic.c:12:
c:/winavr-20100110/lib/gcc/../../avr/include/util/delay.h:90:3: warning: #warning "Compiler optimizations disabled; functions from <util/delay.h> won't work as designed"
Finished building: ../ultrasonic.c
 
Building target: Read_Distance.elf
Invoking: AVR C Linker
avr-gcc -Wl,-Map,Read_Distance.map -mmcu=atmega32 -o "Read_Distance.elf"  ./Read_Distance.o ./gpio.o ./icu.o ./lcd.o ./ultrasonic.o   
Finished building target: Read_Distance.elf
 
Invoking: AVR Create Extended Listing
avr-objdump -h -S Read_Distance.elf  >"Read_Distance.lss"
Finished building: Read_Distance.lss
 
Invoking: Print Size
avr-size --format=avr --mcu=atmega32 Read_Distance.elf
AVR Memory Usage
----------------
Device: atmega32

Program:    9680 bytes (29.5% Full)
(.text + .data + .bootloader)

Data:        285 bytes (13.9% Full)
(.data + .bss + .noinit)


Finished building: sizedummy
 
